<?xml version="1.0" encoding="UTF-8"?>
<!-- Generated by org.testng.reporters.JUnitReportReporter -->
<testsuite hostname="DESKTOP-GS9CSH9" failures="0" tests="1" name="testPackage.InsuranceTest" time="23.966" errors="0" timestamp="2024-06-05T23:19:39 IST" skipped="0">
  <testcase classname="testPackage.InsuranceTest" name="BuyInsurance" time="23.966"/>
</testsuite> <!-- testPackage.InsuranceTest -->
